773  [main] INFO  d.d3adspace.mantikor.MantikorServer - I am going to start the web server on localhost:8080
1124 [main] WARN  io.netty.bootstrap.ServerBootstrap - Unknown channel option 'TCP_NODELAY' for channel '[id: 0x9fefd2f1]'
1157 [main] INFO  d.d3adspace.mantikor.MantikorServer - Started the web server on localhost:8080
836  [main] INFO  d.d3adspace.mantikor.MantikorServer - I am going to start the web server on localhost:8080
1259 [main] WARN  io.netty.bootstrap.ServerBootstrap - Unknown channel option 'TCP_NODELAY' for channel '[id: 0xa49132c6]'
1302 [main] INFO  d.d3adspace.mantikor.MantikorServer - Started the web server on localhost:8080
778  [main] INFO  d.d3adspace.mantikor.MantikorServer - I am going to start the web server on localhost:80
1102 [main] WARN  io.netty.bootstrap.ServerBootstrap - Unknown channel option 'TCP_NODELAY' for channel '[id: 0x5133d155]'
1134 [main] INFO  d.d3adspace.mantikor.MantikorServer - Started the web server on localhost:80
663  [main] INFO  d.d3adspace.mantikor.MantikorServer - I am going to start the web server on localhost:80
1060 [main] WARN  io.netty.bootstrap.ServerBootstrap - Unknown channel option 'TCP_NODELAY' for channel '[id: 0x44f9d45b]'
1108 [main] INFO  d.d3adspace.mantikor.MantikorServer - Started the web server on localhost:80
1444 [main] INFO  d.d3adspace.mantikor.MantikorServer - I am going to start the web server on localhost:80
2165 [main] WARN  io.netty.bootstrap.ServerBootstrap - Unknown channel option 'TCP_NODELAY' for channel '[id: 0xb8852c9b]'
2226 [main] INFO  d.d3adspace.mantikor.MantikorServer - Started the web server on localhost:80
663  [main] INFO  d.d3adspace.mantikor.MantikorServer - I am going to start the web server on localhost:80
1047 [main] WARN  io.netty.bootstrap.ServerBootstrap - Unknown channel option 'TCP_NODELAY' for channel '[id: 0x32ae8590]'
1081 [main] INFO  d.d3adspace.mantikor.MantikorServer - Started the web server on localhost:80
684  [main] INFO  d.d3adspace.mantikor.MantikorServer - I am going to start the web server on localhost:80
1033 [main] WARN  io.netty.bootstrap.ServerBootstrap - Unknown channel option 'TCP_NODELAY' for channel '[id: 0x0b68db27]'
1074 [main] INFO  d.d3adspace.mantikor.MantikorServer - Started the web server on localhost:80
748  [main] INFO  d.d3adspace.mantikor.MantikorServer - I am going to start the web server on localhost:80
1073 [main] WARN  io.netty.bootstrap.ServerBootstrap - Unknown channel option 'TCP_NODELAY' for channel '[id: 0x57f1e02c]'
1108 [main] INFO  d.d3adspace.mantikor.MantikorServer - Started the web server on localhost:80
656  [main] INFO  d.d3adspace.mantikor.MantikorServer - I am going to start the web server on localhost:80
1102 [main] WARN  io.netty.bootstrap.ServerBootstrap - Unknown channel option 'TCP_NODELAY' for channel '[id: 0x3462abd3]'
1137 [main] INFO  d.d3adspace.mantikor.MantikorServer - Started the web server on localhost:80
747  [main] INFO  d.d3adspace.mantikor.MantikorServer - I am going to start the web server on localhost:80
1207 [main] WARN  io.netty.bootstrap.ServerBootstrap - Unknown channel option 'TCP_NODELAY' for channel '[id: 0xff15fedd]'
1271 [main] INFO  d.d3adspace.mantikor.MantikorServer - Started the web server on localhost:80
796  [main] INFO  d.d3adspace.mantikor.MantikorServer - I am going to start the web server on localhost:80
1200 [main] WARN  io.netty.bootstrap.ServerBootstrap - Unknown channel option 'TCP_NODELAY' for channel '[id: 0x3dac4a07]'
1239 [main] INFO  d.d3adspace.mantikor.MantikorServer - Started the web server on localhost:80
607  [main] INFO  d.d3adspace.mantikor.MantikorServer - I am going to start the web server on localhost:80
966  [main] WARN  io.netty.bootstrap.ServerBootstrap - Unknown channel option 'TCP_NODELAY' for channel '[id: 0x7ae50e16]'
998  [main] INFO  d.d3adspace.mantikor.MantikorServer - Started the web server on localhost:80
628  [main] INFO  d.d3adspace.mantikor.MantikorServer - I am going to start the web server on localhost:80
983  [main] WARN  io.netty.bootstrap.ServerBootstrap - Unknown channel option 'TCP_NODELAY' for channel '[id: 0xd6de21a4]'
1017 [main] INFO  d.d3adspace.mantikor.MantikorServer - Started the web server on localhost:80
733  [main] INFO  d.d3adspace.mantikor.MantikorServer - I am going to start the web server on localhost:80
1108 [main] WARN  io.netty.bootstrap.ServerBootstrap - Unknown channel option 'TCP_NODELAY' for channel '[id: 0x6c346425]'
1152 [main] INFO  d.d3adspace.mantikor.MantikorServer - Started the web server on localhost:80
